<?xml version="1.0" encoding="UTF-8"?>
<testsuite name="aws.test.s3.ExampleTest" tests="1" skipped="0" failures="0" errors="0" timestamp="2021-06-22T02:58:32" hostname="BOG-D72YDB3" time="2.35">
  <properties/>
  <testcase name="testSQS()" classname="aws.test.s3.ExampleTest" time="2.35"/>
  <system-out><![CDATA[]]></system-out>
  <system-err><![CDATA[]]></system-err>
</testsuite>
