<?xml version="1.0" encoding="UTF-8"?>
<testsuite name="aws.test.s3.ExampleTest" tests="1" skipped="0" failures="0" errors="0" timestamp="2021-06-29T17:20:00" hostname="BOG-D72YDB3" time="4.925">
  <properties/>
  <testcase name="testExampleSQS()" classname="aws.test.s3.ExampleTest" time="4.925"/>
  <system-out><![CDATA[12:19:58,966 |-INFO in ch.qos.logback.classic.LoggerContext[default] - Could NOT find resource [logback-test.xml]
12:19:58,967 |-INFO in ch.qos.logback.classic.LoggerContext[default] - Could NOT find resource [logback.groovy]
12:19:58,979 |-INFO in ch.qos.logback.classic.LoggerContext[default] - Found resource [logback.xml] at [file:/C:/Users/lbolanos/OneDrive%20-%20everis/Documentos/ADL/PruebaConcepto/third-app/build/resources/test/logback.xml]
12:19:59,203 |-INFO in ch.qos.logback.core.joran.action.AppenderAction - About to instantiate appender of type [ch.qos.logback.core.ConsoleAppender]
12:19:59,208 |-INFO in ch.qos.logback.core.joran.action.AppenderAction - Naming appender as [STDOUT]
12:19:59,214 |-INFO in ch.qos.logback.core.joran.action.NestedComplexPropertyIA - Assuming default type [ch.qos.logback.classic.encoder.PatternLayoutEncoder] for [encoder] property
12:19:59,241 |-INFO in ch.qos.logback.classic.joran.action.RootLoggerAction - Setting level of ROOT logger to INFO
12:19:59,242 |-INFO in ch.qos.logback.core.joran.action.AppenderRefAction - Attaching appender named [STDOUT] to Logger[ROOT]
12:19:59,242 |-INFO in ch.qos.logback.classic.joran.action.ConfigurationAction - End of configuration.
12:19:59,243 |-INFO in ch.qos.logback.classic.joran.JoranConfigurator@3353125b - Registering current configuration as safe fallback point
12:20:02.328 [Test worker] INFO  aws.example.s3.MessagesSQS - prueba.fifo
12:20:03.340 [Test worker] INFO  aws.example.s3.MessagesSQS - https://sqs.us-west-1.amazonaws.com/251799574311/prueba.fifo
12:20:03.914 [Test worker] INFO  aws.example.s3.MessagesSQS - PlayStation 4, 340.95,https://www.amazon.es/PlayStation-4-PS4-Consola-500GB/dp/B013U9CW8A
12:20:04.387 [Test worker] INFO  aws.example.s3.MessagesSQS - Televisor Samsung,41.95,https://www.amazon.es/Raspberry-Modelo-GHz-Quad-core-Cortex-A53/dp/B01CD5VC92/
12:20:04.733 [Test worker] INFO  aws.example.s3.MessagesSQS - Nevera Haced,421.36,https://www.amazon.es/Gigabyte-Brix-Bareb%C3%B3n-Serial-SO-DIMM/dp/B00HFCTUPM/
]]></system-out>
  <system-err><![CDATA[]]></system-err>
</testsuite>
